Event *tick* sent successfully with parameters:
{
    "timestamp": "1733869282",
    "timestamp_micros": "1733869282000"
}
Event *tock* sent successfully with parameters:
{
    "timestamp": "1733869283",
    "timestamp_micros": "1733869283000"
}
Event *tick* sent successfully with parameters:
{
    "timestamp": "1733869284",
    "timestamp_micros": "1733869284000"
}
Event *tock* sent successfully with parameters:
{
    "timestamp": "1733869285",
    "timestamp_micros": "1733869285000"
}
Event *tick* sent successfully with parameters:
{
    "timestamp": "1733869286",
    "timestamp_micros": "1733869286000"
}
Event *tock* sent successfully with parameters:
{
    "timestamp": "1733869287",
    "timestamp_micros": "1733869287000"
}
Event *tick* sent successfully with parameters:
{
    "timestamp": "1733869288",
    "timestamp_micros": "1733869288000"
}
Event *tock* sent successfully with parameters:
{
    "timestamp": "1733869289",
    "timestamp_micros": "1733869289000"
}
Event *tick* sent successfully with parameters:
{
    "timestamp": "1733869290",
    "timestamp_micros": "1733869290000"
}
Event *tock* sent successfully with parameters:
{
    "timestamp": "1733869291",
    "timestamp_micros": "1733869291000"
}
Event *tick* sent successfully with parameters:
{
    "timestamp": "1733869292",
    "timestamp_micros": "1733869292000"
}
Event *tock* sent successfully with parameters:
{
    "timestamp": "1733869293",
    "timestamp_micros": "1733869293000"
}
Event *tick* sent successfully with parameters:
{
    "timestamp": "1733869294",
    "timestamp_micros": "1733869294000"
}
Event *tock* sent successfully with parameters:
{
    "timestamp": "1733869295",
    "timestamp_micros": "1733869295000"
}
Event *tick* sent successfully with parameters:
{
    "timestamp": "1733869296",
    "timestamp_micros": "1733869296000"
}
Event *tock* sent successfully with parameters:
{
    "timestamp": "1733869297",
    "timestamp_micros": "1733869297000"
}
Event *tick* sent successfully with parameters:
{
    "timestamp": "1733869298",
    "timestamp_micros": "1733869298000"
}
Event *tock* sent successfully with parameters:
{
    "timestamp": "1733869299",
    "timestamp_micros": "1733869299000"
}
Event *tick* sent successfully with parameters:
{
    "timestamp": "1733869300",
    "timestamp_micros": "1733869300000"
}
Event *tock* sent successfully with parameters:
{
    "timestamp": "1733869301",
    "timestamp_micros": "1733869301000"
}
Event *tick* sent successfully with parameters:
{
    "timestamp": "1733869302",
    "timestamp_micros": "1733869302000"
}
Event *tock* sent successfully with parameters:
{
    "timestamp": "1733869303",
    "timestamp_micros": "1733869303000"
}
Event *tick* sent successfully with parameters:
{
    "timestamp": "1733869304",
    "timestamp_micros": "1733869304000"
}
Event *tock* sent successfully with parameters:
{
    "timestamp": "1733869305",
    "timestamp_micros": "1733869305000"
}
Event *tick* sent successfully with parameters:
{
    "timestamp": "1733869306",
    "timestamp_micros": "1733869306000"
}
Event *tock* sent successfully with parameters:
{
    "timestamp": "1733869307",
    "timestamp_micros": "1733869307000"
}
Event *tick* sent successfully with parameters:
{
    "timestamp": "1733869308",
    "timestamp_micros": "1733869308000"
}
Event *tock* sent successfully with parameters:
{
    "timestamp": "1733869309",
    "timestamp_micros": "1733869309000"
}
Event *tick* sent successfully with parameters:
{
    "timestamp": "1733869310",
    "timestamp_micros": "1733869310000"
}
Event *tock* sent successfully with parameters:
{
    "timestamp": "1733869311",
    "timestamp_micros": "1733869311000"
}
Event *tick* sent successfully with parameters:
{
    "timestamp": "1733869312",
    "timestamp_micros": "1733869312000"
}
Event *tock* sent successfully with parameters:
{
    "timestamp": "1733869313",
    "timestamp_micros": "1733869313000"
}
Event *tick* sent successfully with parameters:
{
    "timestamp": "1733869314",
    "timestamp_micros": "1733869314000"
}
Event *tock* sent successfully with parameters:
{
    "timestamp": "1733869315",
    "timestamp_micros": "1733869315000"
}
Event *tick* sent successfully with parameters:
{
    "timestamp": "1733869316",
    "timestamp_micros": "1733869316000"
}
Event *tock* sent successfully with parameters:
{
    "timestamp": "1733869317",
    "timestamp_micros": "1733869317000"
}
Event *tick* sent successfully with parameters:
{
    "timestamp": "1733869318",
    "timestamp_micros": "1733869318000"
}
Event *tock* sent successfully with parameters:
{
    "timestamp": "1733869319",
    "timestamp_micros": "1733869319000"
}
Event *tick* sent successfully with parameters:
{
    "timestamp": "1733869320",
    "timestamp_micros": "1733869320000"
}
Event *tock* sent successfully with parameters:
{
    "timestamp": "1733869321",
    "timestamp_micros": "1733869321000"
}
Event *tick* sent successfully with parameters:
{
    "timestamp": "1733869322",
    "timestamp_micros": "1733869322000"
}
Event *tock* sent successfully with parameters:
{
    "timestamp": "1733869323",
    "timestamp_micros": "1733869323000"
}
Event *tick* sent successfully with parameters:
{
    "timestamp": "1733869324",
    "timestamp_micros": "1733869324000"
}
Event *tock* sent successfully with parameters:
{
    "timestamp": "1733869325",
    "timestamp_micros": "1733869325000"
}
Event *tick* sent successfully with parameters:
{
    "timestamp": "1733869326",
    "timestamp_micros": "1733869326000"
}
Event *tock* sent successfully with parameters:
{
    "timestamp": "1733869327",
    "timestamp_micros": "1733869327000"
}
Event *tick* sent successfully with parameters:
{
    "timestamp": "1733869328",
    "timestamp_micros": "1733869328000"
}
Event *tock* sent successfully with parameters:
{
    "timestamp": "1733869329",
    "timestamp_micros": "1733869329000"
}
Event *tick* sent successfully with parameters:
{
    "timestamp": "1733869330",
    "timestamp_micros": "1733869330000"
}
Event *tock* sent successfully with parameters:
{
    "timestamp": "1733869331",
    "timestamp_micros": "1733869331000"
}
Event *tick* sent successfully with parameters:
{
    "timestamp": "1733869332",
    "timestamp_micros": "1733869332000"
}
Event *tick* sent successfully with parameters:
{
    "timestamp": "1733869334",
    "timestamp_micros": "1733869334000"
}
Event *tock* sent successfully with parameters:
{
    "timestamp": "1733869335",
    "timestamp_micros": "1733869335000"
}
Event *tick* sent successfully with parameters:
{
    "timestamp": "1733869336",
    "timestamp_micros": "1733869336000"
}
Event *tock* sent successfully with parameters:
{
    "timestamp": "1733869337",
    "timestamp_micros": "1733869337000"
}
Event *tick* sent successfully with parameters:
{
    "timestamp": "1733869338",
    "timestamp_micros": "1733869338000"
}
Event *tock* sent successfully with parameters:
{
    "timestamp": "1733869339",
    "timestamp_micros": "1733869339000"
}
Event *tick* sent successfully with parameters:
{
    "timestamp": "1733869340",
    "timestamp_micros": "1733869340000"
}
Event *tock* sent successfully with parameters:
{
    "timestamp": "1733869341",
    "timestamp_micros": "1733869341000"
}
Event *tick* sent successfully with parameters:
{
    "timestamp": "1733869342",
    "timestamp_micros": "1733869342000"
}
Event *tock* sent successfully with parameters:
{
    "timestamp": "1733869343",
    "timestamp_micros": "1733869343000"
}
Event *tick* sent successfully with parameters:
{
    "timestamp": "1733869344",
    "timestamp_micros": "1733869344000"
}
Event *tock* sent successfully with parameters:
{
    "timestamp": "1733869345",
    "timestamp_micros": "1733869345000"
}
Event *tick* sent successfully with parameters:
{
    "timestamp": "1733869346",
    "timestamp_micros": "1733869346000"
}
Event *tock* sent successfully with parameters:
{
    "timestamp": "1733869347",
    "timestamp_micros": "1733869347000"
}
Event *tick* sent successfully with parameters:
{
    "timestamp": "1733869348",
    "timestamp_micros": "1733869348000"
}
Event *tock* sent successfully with parameters:
{
    "timestamp": "1733869349",
    "timestamp_micros": "1733869349000"
}
Event *tick* sent successfully with parameters:
{
    "timestamp": "1733869350",
    "timestamp_micros": "1733869350000"
}
Event *tock* sent successfully with parameters:
{
    "timestamp": "1733869351",
    "timestamp_micros": "1733869351000"
}
Event *tick* sent successfully with parameters:
{
    "timestamp": "1733869352",
    "timestamp_micros": "1733869352000"
}
Event *tock* sent successfully with parameters:
{
    "timestamp": "1733869353",
    "timestamp_micros": "1733869353000"
}
Event *tick* sent successfully with parameters:
{
    "timestamp": "1733869354",
    "timestamp_micros": "1733869354000"
}
Event *tock* sent successfully with parameters:
{
    "timestamp": "1733869355",
    "timestamp_micros": "1733869355000"
}
Event *tick* sent successfully with parameters:
{
    "timestamp": "1733869356",
    "timestamp_micros": "1733869356000"
}
Event *tock* sent successfully with parameters:
{
    "timestamp": "1733869357",
    "timestamp_micros": "1733869357000"
}
Event *tick* sent successfully with parameters:
{
    "timestamp": "1733869358",
    "timestamp_micros": "1733869358000"
}
Event *tock* sent successfully with parameters:
{
    "timestamp": "1733869359",
    "timestamp_micros": "1733869359000"
}
Event *tick* sent successfully with parameters:
{
    "timestamp": "1733869360",
    "timestamp_micros": "1733869360000"
}
Event *tock* sent successfully with parameters:
{
    "timestamp": "1733869361",
    "timestamp_micros": "1733869361000"
}
Event *tick* sent successfully with parameters:
{
    "timestamp": "1733869362",
    "timestamp_micros": "1733869362000"
}
Event *tock* sent successfully with parameters:
{
    "timestamp": "1733869363",
    "timestamp_micros": "1733869363000"
}
Event *tick* sent successfully with parameters:
{
    "timestamp": "1733869364",
    "timestamp_micros": "1733869364000"
}
Event *tock* sent successfully with parameters:
{
    "timestamp": "1733869365",
    "timestamp_micros": "1733869365000"
}
Event *tick* sent successfully with parameters:
{
    "timestamp": "1733869366",
    "timestamp_micros": "1733869366000"
}
Event *tock* sent successfully with parameters:
{
    "timestamp": "1733869367",
    "timestamp_micros": "1733869367000"
}
Event *tick* sent successfully with parameters:
{
    "timestamp": "1733869368",
    "timestamp_micros": "1733869368000"
}
Event *tock* sent successfully with parameters:
{
    "timestamp": "1733869369",
    "timestamp_micros": "1733869369000"
}
Event *tick* sent successfully with parameters:
{
    "timestamp": "1733869370",
    "timestamp_micros": "1733869370000"
}
Event *tock* sent successfully with parameters:
{
    "timestamp": "1733869371",
    "timestamp_micros": "1733869371000"
}
Event *tick* sent successfully with parameters:
{
    "timestamp": "1733869372",
    "timestamp_micros": "1733869372000"
}
Event *tock* sent successfully with parameters:
{
    "timestamp": "1733869373",
    "timestamp_micros": "1733869373000"
}
Event *tick* sent successfully with parameters:
{
    "timestamp": "1733869374",
    "timestamp_micros": "1733869374000"
}
Event *tock* sent successfully with parameters:
{
    "timestamp": "1733869375",
    "timestamp_micros": "1733869375000"
}
Event *tick* sent successfully with parameters:
{
    "timestamp": "1733869376",
    "timestamp_micros": "1733869376000"
}
Event *tock* sent successfully with parameters:
{
    "timestamp": "1733869377",
    "timestamp_micros": "1733869377000"
}
Event *tick* sent successfully with parameters:
{
    "timestamp": "1733869378",
    "timestamp_micros": "1733869378000"
}
Event *tock* sent successfully with parameters:
{
    "timestamp": "1733869379",
    "timestamp_micros": "1733869379000"
}
Event *tick* sent successfully with parameters:
{
    "timestamp": "1733869380",
    "timestamp_micros": "1733869380000"
}
Event *tock* sent successfully with parameters:
{
    "timestamp": "1733869381",
    "timestamp_micros": "1733869381000"
}
Event *tick* sent successfully with parameters:
{
    "timestamp": "1733869382",
    "timestamp_micros": "1733869382000"
}
Event *tock* sent successfully with parameters:
{
    "timestamp": "1733869383",
    "timestamp_micros": "1733869383000"
}
Event *tick* sent successfully with parameters:
{
    "timestamp": "1733869384",
    "timestamp_micros": "1733869384000"
}
Event *tock* sent successfully with parameters:
{
    "timestamp": "1733869385",
    "timestamp_micros": "1733869385000"
}
Event *tick* sent successfully with parameters:
{
    "timestamp": "1733869386",
    "timestamp_micros": "1733869386000"
}
Event *tock* sent successfully with parameters:
{
    "timestamp": "1733869387",
    "timestamp_micros": "1733869387000"
}
Event *tick* sent successfully with parameters:
{
    "timestamp": "1733869388",
    "timestamp_micros": "1733869388000"
}
Event *tock* sent successfully with parameters:
{
    "timestamp": "1733869389",
    "timestamp_micros": "1733869389000"
}
Event *tick* sent successfully with parameters:
{
    "timestamp": "1733869390",
    "timestamp_micros": "1733869390000"
}
Event *tock* sent successfully with parameters:
{
    "timestamp": "1733869391",
    "timestamp_micros": "1733869391000"
}
Event *tick* sent successfully with parameters:
{
    "timestamp": "1733869392",
    "timestamp_micros": "1733869392000"
}
Event *tock* sent successfully with parameters:
{
    "timestamp": "1733869393",
    "timestamp_micros": "1733869393000"
}
Event *tick* sent successfully with parameters:
{
    "timestamp": "1733869394",
    "timestamp_micros": "1733869394000"
}
Event *tock* sent successfully with parameters:
{
    "timestamp": "1733869395",
    "timestamp_micros": "1733869395000"
}
Event *tick* sent successfully with parameters:
{
    "timestamp": "1733869396",
    "timestamp_micros": "1733869396000"
}
Event *tock* sent successfully with parameters:
{
    "timestamp": "1733869397",
    "timestamp_micros": "1733869397000"
}
Event *tick* sent successfully with parameters:
{
    "timestamp": "1733869398",
    "timestamp_micros": "1733869398000"
}
Event *tock* sent successfully with parameters:
{
    "timestamp": "1733869399",
    "timestamp_micros": "1733869399000"
}
Event *tick* sent successfully with parameters:
{
    "timestamp": "1733869400",
    "timestamp_micros": "1733869400000"
}
Event *tick* sent successfully with parameters:
{
    "timestamp": "1733869402",
    "timestamp_micros": "1733869402000"
}
Event *tock* sent successfully with parameters:
{
    "timestamp": "1733869403",
    "timestamp_micros": "1733869403000"
}
Event *tick* sent successfully with parameters:
{
    "timestamp": "1733869404",
    "timestamp_micros": "1733869404000"
}
Event *tock* sent successfully with parameters:
{
    "timestamp": "1733869405",
    "timestamp_micros": "1733869405000"
}
Event *tick* sent successfully with parameters:
{
    "timestamp": "1733869406",
    "timestamp_micros": "1733869406000"
}
Event *tock* sent successfully with parameters:
{
    "timestamp": "1733869407",
    "timestamp_micros": "1733869407000"
}
Event *tick* sent successfully with parameters:
{
    "timestamp": "1733869408",
    "timestamp_micros": "1733869408000"
}
Event *tock* sent successfully with parameters:
{
    "timestamp": "1733869409",
    "timestamp_micros": "1733869409000"
}
Event *tick* sent successfully with parameters:
{
    "timestamp": "1733869410",
    "timestamp_micros": "1733869410000"
}
Event *tock* sent successfully with parameters:
{
    "timestamp": "1733869411",
    "timestamp_micros": "1733869411000"
}
Event *tick* sent successfully with parameters:
{
    "timestamp": "1733869412",
    "timestamp_micros": "1733869412000"
}
Event *tock* sent successfully with parameters:
{
    "timestamp": "1733869413",
    "timestamp_micros": "1733869413000"
}
Event *tick* sent successfully with parameters:
{
    "timestamp": "1733869414",
    "timestamp_micros": "1733869414000"
}
Event *tock* sent successfully with parameters:
{
    "timestamp": "1733869415",
    "timestamp_micros": "1733869415000"
}
Event *tick* sent successfully with parameters:
{
    "timestamp": "1733869416",
    "timestamp_micros": "1733869416000"
}
Event *tock* sent successfully with parameters:
{
    "timestamp": "1733869417",
    "timestamp_micros": "1733869417000"
}
Event *tick* sent successfully with parameters:
{
    "timestamp": "1733869418",
    "timestamp_micros": "1733869418000"
}
Event *tock* sent successfully with parameters:
{
    "timestamp": "1733869419",
    "timestamp_micros": "1733869419000"
}
Event *tick* sent successfully with parameters:
{
    "timestamp": "1733869420",
    "timestamp_micros": "1733869420000"
}
Event *tock* sent successfully with parameters:
{
    "timestamp": "1733869421",
    "timestamp_micros": "1733869421000"
}
Event *tick* sent successfully with parameters:
{
    "timestamp": "1733869422",
    "timestamp_micros": "1733869422000"
}
Event *tock* sent successfully with parameters:
{
    "timestamp": "1733869423",
    "timestamp_micros": "1733869423000"
}
Event *tick* sent successfully with parameters:
{
    "timestamp": "1733869424",
    "timestamp_micros": "1733869424000"
}
Event *tock* sent successfully with parameters:
{
    "timestamp": "1733869425",
    "timestamp_micros": "1733869425000"
}
Event *tick* sent successfully with parameters:
{
    "timestamp": "1733869426",
    "timestamp_micros": "1733869426000"
}
Event *tock* sent successfully with parameters:
{
    "timestamp": "1733869427",
    "timestamp_micros": "1733869427000"
}
Event *tick* sent successfully with parameters:
{
    "timestamp": "1733869428",
    "timestamp_micros": "1733869428000"
}
Event *tock* sent successfully with parameters:
{
    "timestamp": "1733869429",
    "timestamp_micros": "1733869429000"
}
Event *tick* sent successfully with parameters:
{
    "timestamp": "1733869430",
    "timestamp_micros": "1733869430000"
}
Event *tock* sent successfully with parameters:
{
    "timestamp": "1733869431",
    "timestamp_micros": "1733869431000"
}
Event *tick* sent successfully with parameters:
{
    "timestamp": "1733869432",
    "timestamp_micros": "1733869432000"
}
Event *tock* sent successfully with parameters:
{
    "timestamp": "1733869433",
    "timestamp_micros": "1733869433000"
}
Event *tick* sent successfully with parameters:
{
    "timestamp": "1733869434",
    "timestamp_micros": "1733869434000"
}
Event *tock* sent successfully with parameters:
{
    "timestamp": "1733869435",
    "timestamp_micros": "1733869435000"
}
Event *tick* sent successfully with parameters:
{
    "timestamp": "1733869436",
    "timestamp_micros": "1733869436000"
}
Event *tock* sent successfully with parameters:
{
    "timestamp": "1733869437",
    "timestamp_micros": "1733869437000"
}
Event *tick* sent successfully with parameters:
{
    "timestamp": "1733869438",
    "timestamp_micros": "1733869438000"
}
Event *tock* sent successfully with parameters:
{
    "timestamp": "1733869439",
    "timestamp_micros": "1733869439000"
}
Event *tick* sent successfully with parameters:
{
    "timestamp": "1733869440",
    "timestamp_micros": "1733869440000"
}
Event *tock* sent successfully with parameters:
{
    "timestamp": "1733869441",
    "timestamp_micros": "1733869441000"
}
Event *tick* sent successfully with parameters:
{
    "timestamp": "1733869442",
    "timestamp_micros": "1733869442000"
}
Event *tock* sent successfully with parameters:
{
    "timestamp": "1733869443",
    "timestamp_micros": "1733869443000"
}
Event *tick* sent successfully with parameters:
{
    "timestamp": "1733869444",
    "timestamp_micros": "1733869444000"
}
Event *tock* sent successfully with parameters:
{
    "timestamp": "1733869445",
    "timestamp_micros": "1733869445000"
}
Event *tick* sent successfully with parameters:
{
    "timestamp": "1733869446",
    "timestamp_micros": "1733869446000"
}
Event *tock* sent successfully with parameters:
{
    "timestamp": "1733869447",
    "timestamp_micros": "1733869447000"
}
Event *tick* sent successfully with parameters:
{
    "timestamp": "1733869448",
    "timestamp_micros": "1733869448000"
}
Event *tock* sent successfully with parameters:
{
    "timestamp": "1733869449",
    "timestamp_micros": "1733869449000"
}
Event *tick* sent successfully with parameters:
{
    "timestamp": "1733869450",
    "timestamp_micros": "1733869450000"
}
Event *tock* sent successfully with parameters:
{
    "timestamp": "1733869451",
    "timestamp_micros": "1733869451000"
}
Event *tick* sent successfully with parameters:
{
    "timestamp": "1733869452",
    "timestamp_micros": "1733869452000"
}
Event *tock* sent successfully with parameters:
{
    "timestamp": "1733869453",
    "timestamp_micros": "1733869453000"
}
Event *tick* sent successfully with parameters:
{
    "timestamp": "1733869454",
    "timestamp_micros": "1733869454000"
}
Event *tock* sent successfully with parameters:
{
    "timestamp": "1733869455",
    "timestamp_micros": "1733869455000"
}
Event *tick* sent successfully with parameters:
{
    "timestamp": "1733869456",
    "timestamp_micros": "1733869456000"
}
Event *tock* sent successfully with parameters:
{
    "timestamp": "1733869457",
    "timestamp_micros": "1733869457000"
}
Event *tick* sent successfully with parameters:
{
    "timestamp": "1733869458",
    "timestamp_micros": "1733869458000"
}
Event *tock* sent successfully with parameters:
{
    "timestamp": "1733869459",
    "timestamp_micros": "1733869459000"
}
Event *tick* sent successfully with parameters:
{
    "timestamp": "1733869460",
    "timestamp_micros": "1733869460000"
}
Event *tock* sent successfully with parameters:
{
    "timestamp": "1733869461",
    "timestamp_micros": "1733869461000"
}
Event *tick* sent successfully with parameters:
{
    "timestamp": "1733869462",
    "timestamp_micros": "1733869462000"
}
Event *tock* sent successfully with parameters:
{
    "timestamp": "1733869463",
    "timestamp_micros": "1733869463000"
}
Event *tick* sent successfully with parameters:
{
    "timestamp": "1733869464",
    "timestamp_micros": "1733869464000"
}
Event *tock* sent successfully with parameters:
{
    "timestamp": "1733869465",
    "timestamp_micros": "1733869465000"
}
Event *tick* sent successfully with parameters:
{
    "timestamp": "1733869466",
    "timestamp_micros": "1733869466000"
}
Event *tock* sent successfully with parameters:
{
    "timestamp": "1733869467",
    "timestamp_micros": "1733869467000"
}
Event *tick* sent successfully with parameters:
{
    "timestamp": "1733869468",
    "timestamp_micros": "1733869468000"
}
Event *tock* sent successfully with parameters:
{
    "timestamp": "1733869469",
    "timestamp_micros": "1733869469000"
}
Event *tick* sent successfully with parameters:
{
    "timestamp": "1733869470",
    "timestamp_micros": "1733869470000"
}
Event *tock* sent successfully with parameters:
{
    "timestamp": "1733869471",
    "timestamp_micros": "1733869471000"
}
Event *tick* sent successfully with parameters:
{
    "timestamp": "1733869472",
    "timestamp_micros": "1733869472000"
}
Event *tock* sent successfully with parameters:
{
    "timestamp": "1733869473",
    "timestamp_micros": "1733869473000"
}
Event *tock* sent successfully with parameters:
{
    "timestamp": "1733869475",
    "timestamp_micros": "1733869475000"
}
Event *tick* sent successfully with parameters:
{
    "timestamp": "1733869476",
    "timestamp_micros": "1733869476000"
}
Event *tock* sent successfully with parameters:
{
    "timestamp": "1733869477",
    "timestamp_micros": "1733869477000"
}
Event *tick* sent successfully with parameters:
{
    "timestamp": "1733869478",
    "timestamp_micros": "1733869478000"
}
Event *tock* sent successfully with parameters:
{
    "timestamp": "1733869479",
    "timestamp_micros": "1733869479000"
}
Event *tick* sent successfully with parameters:
{
    "timestamp": "1733869480",
    "timestamp_micros": "1733869480000"
}
Event *tock* sent successfully with parameters:
{
    "timestamp": "1733869481",
    "timestamp_micros": "1733869481000"
}
Event *tick* sent successfully with parameters:
{
    "timestamp": "1733869482",
    "timestamp_micros": "1733869482000"
}
Event *tock* sent successfully with parameters:
{
    "timestamp": "1733869483",
    "timestamp_micros": "1733869483000"
}
Event *tick* sent successfully with parameters:
{
    "timestamp": "1733869484",
    "timestamp_micros": "1733869484000"
}
Event *tock* sent successfully with parameters:
{
    "timestamp": "1733869485",
    "timestamp_micros": "1733869485000"
}
Event *tick* sent successfully with parameters:
{
    "timestamp": "1733869486",
    "timestamp_micros": "1733869486000"
}
Event *tock* sent successfully with parameters:
{
    "timestamp": "1733869487",
    "timestamp_micros": "1733869487000"
}
Event *tick* sent successfully with parameters:
{
    "timestamp": "1733869488",
    "timestamp_micros": "1733869488000"
}
Event *tock* sent successfully with parameters:
{
    "timestamp": "1733869489",
    "timestamp_micros": "1733869489000"
}
Event *tick* sent successfully with parameters:
{
    "timestamp": "1733869490",
    "timestamp_micros": "1733869490000"
}
Event *tock* sent successfully with parameters:
{
    "timestamp": "1733869491",
    "timestamp_micros": "1733869491000"
}
Event *tick* sent successfully with parameters:
{
    "timestamp": "1733869492",
    "timestamp_micros": "1733869492000"
}
Event *tock* sent successfully with parameters:
{
    "timestamp": "1733869493",
    "timestamp_micros": "1733869493000"
}
Event *tick* sent successfully with parameters:
{
    "timestamp": "1733869494",
    "timestamp_micros": "1733869494000"
}
Event *tock* sent successfully with parameters:
{
    "timestamp": "1733869495",
    "timestamp_micros": "1733869495000"
}
Event *tick* sent successfully with parameters:
{
    "timestamp": "1733869496",
    "timestamp_micros": "1733869496000"
}
Event *tock* sent successfully with parameters:
{
    "timestamp": "1733869497",
    "timestamp_micros": "1733869497000"
}
Event *tick* sent successfully with parameters:
{
    "timestamp": "1733869498",
    "timestamp_micros": "1733869498000"
}
Event *tock* sent successfully with parameters:
{
    "timestamp": "1733869499",
    "timestamp_micros": "1733869499000"
}
Event *tick* sent successfully with parameters:
{
    "timestamp": "1733869500",
    "timestamp_micros": "1733869500000"
}
Event *tock* sent successfully with parameters:
{
    "timestamp": "1733869501",
    "timestamp_micros": "1733869501000"
}
Event *tick* sent successfully with parameters:
{
    "timestamp": "1733869502",
    "timestamp_micros": "1733869502000"
}
Event *tock* sent successfully with parameters:
{
    "timestamp": "1733869503",
    "timestamp_micros": "1733869503000"
}
Event *tick* sent successfully with parameters:
{
    "timestamp": "1733869504",
    "timestamp_micros": "1733869504000"
}
Event *tock* sent successfully with parameters:
{
    "timestamp": "1733869505",
    "timestamp_micros": "1733869505000"
}
Event *tick* sent successfully with parameters:
{
    "timestamp": "1733869506",
    "timestamp_micros": "1733869506000"
}
Event *tock* sent successfully with parameters:
{
    "timestamp": "1733869507",
    "timestamp_micros": "1733869507000"
}
Event *tick* sent successfully with parameters:
{
    "timestamp": "1733869508",
    "timestamp_micros": "1733869508000"
}
Event *tock* sent successfully with parameters:
{
    "timestamp": "1733869509",
    "timestamp_micros": "1733869509000"
}
Event *tick* sent successfully with parameters:
{
    "timestamp": "1733869510",
    "timestamp_micros": "1733869510000"
}
Event *tock* sent successfully with code 204 and parameters:
{
    "timestamp": "1733869511",
    "timestamp_micros": "1733869511000"
}
Event *tick* sent successfully with code 204 and parameters:
{
    "timestamp": "1733869512",
    "timestamp_micros": "1733869512000"
}
Event *tock* sent successfully with code 204 and parameters:
{
    "timestamp": "1733869513",
    "timestamp_micros": "1733869513000"
}
Event *tick* sent successfully with code 204 and parameters:
{
    "timestamp": "1733869514",
    "timestamp_micros": "1733869514000"
}
Event *tock* sent successfully with code 204 and parameters:
{
    "timestamp": "1733869515",
    "timestamp_micros": "1733869515000"
}
Event *tick* sent successfully with code 204 and parameters:
{
    "timestamp": "1733869516",
    "timestamp_micros": "1733869516000"
}
Event *tock* sent successfully with code 204 and parameters:
{
    "timestamp": "1733869517",
    "timestamp_micros": "1733869517000"
}
Event *tick* sent successfully with code 204 and parameters:
{
    "timestamp": "1733869518",
    "timestamp_micros": "1733869518000"
}
Event *tock* sent successfully with code 204 and parameters:
{
    "timestamp": "1733869519",
    "timestamp_micros": "1733869519000"
}
Event *tick* sent successfully with code 204 and parameters:
{
    "timestamp": "1733869520",
    "timestamp_micros": "1733869520000"
}
Event *tock* sent successfully with code 204 and parameters:
{
    "timestamp": "1733869521",
    "timestamp_micros": "1733869521000"
}
Event *tick* sent successfully with code 204 and parameters:
{
    "timestamp": "1733869522",
    "timestamp_micros": "1733869522000"
}
Event *tock* sent successfully with code 204 and parameters:
{
    "timestamp": "1733869523",
    "timestamp_micros": "1733869523000"
}
Event *tick* sent successfully with code 204 and parameters:
{
    "timestamp": "1733869524",
    "timestamp_micros": "1733869524000"
}
Event *tock* sent successfully with code 204 and parameters:
{
    "timestamp": "1733869525",
    "timestamp_micros": "1733869525000"
}
Event *tick* sent successfully with code 204 and parameters:
{
    "timestamp": "1733869526",
    "timestamp_micros": "1733869526000"
}
Event *tock* sent successfully with code 204 and parameters:
{
    "timestamp": "1733869527",
    "timestamp_micros": "1733869527000"
}
Event *tick* sent successfully with code 204 and parameters:
{
    "timestamp": "1733869528",
    "timestamp_micros": "1733869528000"
}
Event *tock* sent successfully with code 204 and parameters:
{
    "timestamp": "1733869529",
    "timestamp_micros": "1733869529000"
}
Event *tick* sent successfully with code 204 and parameters:
{
    "timestamp": "1733869530",
    "timestamp_micros": "1733869530000"
}
Event *tock* sent successfully with code 204 and parameters:
{
    "timestamp": "1733869531",
    "timestamp_micros": "1733869531000"
}
Event *tick* sent successfully with code 204 and parameters:
{
    "timestamp": "1733869532",
    "timestamp_micros": "1733869532000"
}
Event *tock* sent successfully with code 204 and parameters:
{
    "timestamp": "1733869533",
    "timestamp_micros": "1733869533000"
}
Event *tick* sent successfully with code 204 and parameters:
{
    "timestamp": "1733869534",
    "timestamp_micros": "1733869534000"
}
Event *tock* sent successfully with code 204 and parameters:
{
    "timestamp": "1733869535",
    "timestamp_micros": "1733869535000"
}
Event *tick* sent successfully with code 204 and parameters:
{
    "timestamp": "1733869536",
    "timestamp_micros": "1733869536000"
}
Event *tock* sent successfully with code 204 and parameters:
{
    "timestamp": "1733869537",
    "timestamp_micros": "1733869537000"
}
Event *tick* sent successfully with code 204 and parameters:
{
    "timestamp": "1733869538",
    "timestamp_micros": "1733869538000"
}
Event *tock* sent successfully with code 204 and parameters:
{
    "timestamp": "1733869539",
    "timestamp_micros": "1733869539000"
}
Event *tick* sent successfully with code 204 and parameters:
{
    "timestamp": "1733869540",
    "timestamp_micros": "1733869540000"
}
Event *tock* sent successfully with code 204 and parameters:
{
    "timestamp": "1733869541",
    "timestamp_micros": "1733869541000"
}
Event *tick* sent successfully with code 204 and parameters:
{
    "timestamp": "1733869542",
    "timestamp_micros": "1733869542000"
}
Event *tock* sent successfully with code 204 and parameters:
{
    "timestamp": "1733869543",
    "timestamp_micros": "1733869543000"
}
Event *tock* sent successfully with code 204 and parameters:
{
    "timestamp": "1733869545",
    "timestamp_micros": "1733869545000"
}
Event *tick* sent successfully with code 204 and parameters:
{
    "timestamp": "1733869546",
    "timestamp_micros": "1733869546000"
}
Event *tock* sent successfully with code 204 and parameters:
{
    "timestamp": "1733869547",
    "timestamp_micros": "1733869547000"
}
Event *tick* sent successfully with code 204 and parameters:
{
    "timestamp": "1733869548",
    "timestamp_micros": "1733869548000"
}
Event *tock* sent successfully with code 204 and parameters:
{
    "timestamp": "1733869549",
    "timestamp_micros": "1733869549000"
}
Event *tick* sent successfully with code 204 and parameters:
{
    "timestamp": "1733869550",
    "timestamp_micros": "1733869550000"
}
Event *tock* sent successfully with code 204 and parameters:
{
    "timestamp": "1733869551",
    "timestamp_micros": "1733869551000"
}
Event *tick* sent successfully with code 204 and parameters:
{
    "timestamp": "1733869552",
    "timestamp_micros": "1733869552000"
}
Event *tock* sent successfully with code 204 and parameters:
{
    "timestamp": "1733869553",
    "timestamp_micros": "1733869553000"
}
Event *tick* sent successfully with code 204 and parameters:
{
    "timestamp": "1733869554",
    "timestamp_micros": "1733869554000"
}
Event *tock* sent successfully with code 204 and parameters:
{
    "timestamp": "1733869555",
    "timestamp_micros": "1733869555000"
}
Event *tick* sent successfully with code 204 and parameters:
{
    "timestamp": "1733869556",
    "timestamp_micros": "1733869556000"
}
Event *tock* sent successfully with code 204 and parameters:
{
    "timestamp": "1733869557",
    "timestamp_micros": "1733869557000"
}
Event *tick* sent successfully with code 204 and parameters:
{
    "timestamp": "1733869558",
    "timestamp_micros": "1733869558000"
}
Event *tock* sent successfully with code 204 and parameters:
{
    "timestamp": "1733869559",
    "timestamp_micros": "1733869559000"
}
Event *tick* sent successfully with code 204 and parameters:
{
    "timestamp": "1733869560",
    "timestamp_micros": "1733869560000"
}
Event *tock* sent successfully with code 204 and parameters:
{
    "timestamp": "1733869561",
    "timestamp_micros": "1733869561000"
}
Event *tick* sent successfully with code 204 and parameters:
{
    "timestamp": "1733869562",
    "timestamp_micros": "1733869562000"
}
Event *tock* sent successfully with code 204 and parameters:
{
    "timestamp": "1733869563",
    "timestamp_micros": "1733869563000"
}
Event *tick* sent successfully with code 204 and parameters:
{
    "timestamp": "1733869564",
    "timestamp_micros": "1733869564000"
}
Event *tock* sent successfully with code 204 and parameters:
{
    "timestamp": "1733869565",
    "timestamp_micros": "1733869565000"
}
Event *tick* sent successfully with code 204 and parameters:
{
    "timestamp": "1733869566",
    "timestamp_micros": "1733869566000"
}
Event *tock* sent successfully with code 204 and parameters:
{
    "timestamp": "1733869567",
    "timestamp_micros": "1733869567000"
}
Event *tick* sent successfully with code 204 and parameters:
{
    "timestamp": "1733869568",
    "timestamp_micros": "1733869568000"
}
Event *tock* sent successfully with code 204 and parameters:
{
    "timestamp": "1733869569",
    "timestamp_micros": "1733869569000"
}
Event *tick* sent successfully with code 204 and parameters:
{
    "timestamp": "1733869570",
    "timestamp_micros": "1733869570000"
}
Event *tock* sent successfully with code 204 and parameters:
{
    "timestamp": "1733869571",
    "timestamp_micros": "1733869571000"
}
Event *tick* sent successfully with code 204 and parameters:
{
    "timestamp": "1733869572",
    "timestamp_micros": "1733869572000"
}
Event *tock* sent successfully with code 204 and parameters:
{
    "timestamp": "1733869573",
    "timestamp_micros": "1733869573000"
}
Event *tick* sent successfully with code 204 and parameters:
{
    "timestamp": "1733869574",
    "timestamp_micros": "1733869574000"
}
Event *tock* sent successfully with code 204 and parameters:
{
    "timestamp": "1733869575",
    "timestamp_micros": "1733869575000"
}
Event *tick* sent successfully with code 204 and parameters:
{
    "timestamp": "1733869576",
    "timestamp_micros": "1733869576000"
}
Event *tock* sent successfully with code 204 and parameters:
{
    "timestamp": "1733869577",
    "timestamp_micros": "1733869577000"
}
Event *tick* sent successfully with code 204 and parameters:
{
    "timestamp": "1733869578",
    "timestamp_micros": "1733869578000"
}
Event *tock* sent successfully with code 204 and parameters:
{
    "timestamp": "1733869579",
    "timestamp_micros": "1733869579000"
}
Event *tick* sent successfully with code 204 and parameters:
{
    "timestamp": "1733869580",
    "timestamp_micros": "1733869580000"
}
Event *tock* sent successfully with code 204 and parameters:
{
    "timestamp": "1733869581",
    "timestamp_micros": "1733869581000"
}
Event *tick* sent successfully with code 204 and parameters:
{
    "timestamp": "1733869582",
    "timestamp_micros": "1733869582000"
}
Event *tock* sent successfully with code 204 and parameters:
{
    "timestamp": "1733869583",
    "timestamp_micros": "1733869583000"
}
Event *tick* sent successfully with code 204 and parameters:
{
    "timestamp": "1733869584",
    "timestamp_micros": "1733869584000"
}
Event *tock* sent successfully with code 204 and parameters:
{
    "timestamp": "1733869585",
    "timestamp_micros": "1733869585000"
}
Event *tick* sent successfully with code 204 and parameters:
{
    "timestamp": "1733869586",
    "timestamp_micros": "1733869586000"
}
Event *tock* sent successfully with code 204 and parameters:
{
    "timestamp": "1733869587",
    "timestamp_micros": "1733869587000"
}
Event *tick* sent successfully with code 204 and parameters:
{
    "timestamp": "1733869588",
    "timestamp_micros": "1733869588000"
}
Event *tock* sent successfully with code 204 and parameters:
{
    "timestamp": "1733869589",
    "timestamp_micros": "1733869589000"
}
Event *tick* sent successfully with code 204 and parameters:
{
    "timestamp": "1733869590",
    "timestamp_micros": "1733869590000"
}
Event *tock* sent successfully with code 204 and parameters:
{
    "timestamp": "1733869591",
    "timestamp_micros": "1733869591000"
}
Event *tick* sent successfully with code 204 and parameters:
{
    "timestamp": "1733869592",
    "timestamp_micros": "1733869592000"
}
Event *tock* sent successfully with code 204 and parameters:
{
    "timestamp": "1733869593",
    "timestamp_micros": "1733869593000"
}
Event *tick* sent successfully with code 204 and parameters:
{
    "timestamp": "1733869594",
    "timestamp_micros": "1733869594000"
}
Event *tock* sent successfully with code 204 and parameters:
{
    "timestamp": "1733869595",
    "timestamp_micros": "1733869595000"
}
Event *tick* sent successfully with code 204 and parameters:
{
    "timestamp": "1733869596",
    "timestamp_micros": "1733869596000"
}
Event *tock* sent successfully with code 204 and parameters:
{
    "timestamp": "1733869597",
    "timestamp_micros": "1733869597000"
}
Event *tick* sent successfully with code 204 and parameters:
{
    "timestamp": "1733869598",
    "timestamp_micros": "1733869598000"
}
Event *tock* sent successfully with code 204 and parameters:
{
    "timestamp": "1733869599",
    "timestamp_micros": "1733869599000"
}
Event *tick* sent successfully with code 204 and parameters:
{
    "timestamp": "1733869600",
    "timestamp_micros": "1733869600000"
}
Event *tock* sent successfully with code 204 and parameters:
{
    "timestamp": "1733869601",
    "timestamp_micros": "1733869601000"
}
Event *tick* sent successfully with code 204 and parameters:
{
    "timestamp": "1733869602",
    "timestamp_micros": "1733869602000"
}
